Command line:
   tb_mulitplexer_isim_beh.exe
     -simmode  gui
     -simrunnum  0
     -socket  40656

Sun Nov 15 11:53:13 2015


 Elaboration Time: 0.04 sec

 Current Memory Usage: 196.215 Meg

 Total Signals          : 8
 Total Nets             : 49
 Total Signal Drivers   : 4
 Total Blocks           : 3
 Total Primitive Blocks : 2
 Total Processes        : 4
 Total Traceable Variables  : 8
 Total Scalar Nets and Variables : 409
Total Line Count : 7

 Total Simulation Time: 0.06 sec

 Current Memory Usage: 271.716 Meg

Sun Nov 15 11:54:05 2015

