Command line:
   tb_keygen_isim_beh.exe
     -simmode  gui
     -simrunnum  0
     -socket  36903

Mon Nov 16 00:01:40 2015


 Elaboration Time: 0.09 sec

 Current Memory Usage: 196.563 Meg

 Total Signals          : 23
 Total Nets             : 1124
 Total Signal Drivers   : 8
 Total Blocks           : 4
 Total Primitive Blocks : 3
 Total Processes        : 3
 Total Traceable Variables  : 13
 Total Scalar Nets and Variables : 1607
Total Line Count : 70

 Total Simulation Time: 0.11 sec

 Current Memory Usage: 272.065 Meg

Mon Nov 16 00:06:10 2015

