Command line:
   tb_control_isim_beh.exe
     -simmode  gui
     -simrunnum  0
     -socket  60366

Fri Dec 25 08:56:16 2015


 Elaboration Time: 0.04 sec

 Current Memory Usage: 204.833 Meg

 Total Signals          : 17
 Total Nets             : 12
 Total Signal Drivers   : 9
 Total Blocks           : 3
 Total Primitive Blocks : 2
 Total Processes        : 6
 Total Traceable Variables  : 9
 Total Scalar Nets and Variables : 373
Total Line Count : 86

 Total Simulation Time: 0.09 sec

 Current Memory Usage: 280.334 Meg

Fri Dec 25 08:56:51 2015

