Command line:
   tb_reg_sync_isim_beh.exe
     -simmode  gui
     -simrunnum  0
     -socket  53341

Sat Nov 14 16:42:38 2015


 Elaboration Time: 0.09 sec

 Current Memory Usage: 196.211 Meg

 Total Signals          : 8
 Total Nets             : 34
 Total Signal Drivers   : 4
 Total Blocks           : 3
 Total Primitive Blocks : 2
 Total Processes        : 4
 Total Traceable Variables  : 9
 Total Scalar Nets and Variables : 395
Total Line Count : 9

 Total Simulation Time: 0.1 sec

 Current Memory Usage: 271.712 Meg

Sat Nov 14 16:44:26 2015

