Command line:
   tb_module_isim_beh.exe
     -simmode  gui
     -simrunnum  0
     -socket  39222

Wed Dec 23 20:59:16 2015


 Elaboration Time: 0.04 sec

 Current Memory Usage: 204.829 Meg

 Total Signals          : 15
 Total Nets             : 11
 Total Signal Drivers   : 8
 Total Blocks           : 3
 Total Primitive Blocks : 2
 Total Processes        : 5
 Total Traceable Variables  : 9
 Total Scalar Nets and Variables : 372
Total Line Count : 48
Total Line Count : 48

 Total Simulation Time: 0.08 sec

 Current Memory Usage: 280.33 Meg

Wed Dec 23 20:59:46 2015

