Command line:
   idea_com_isim_beh.exe
     -simmode  gui
     -simrunnum  0
     -socket  51684

Wed Nov 18 11:19:40 2015


 Elaboration Time: 0.09 sec

 Current Memory Usage: 238.301 Meg

 Total Signals          : 296
 Total Nets             : 1847
 Total Signal Drivers   : 93
 Total Blocks           : 47
 Total Primitive Blocks : 41
 Total Processes        : 48
 Total Traceable Variables  : 17
 Total Scalar Nets and Variables : 2528
Total Line Count : 411

 Total Simulation Time: 0.1 sec

 Current Memory Usage: 313.803 Meg

Wed Nov 18 11:19:46 2015

