Command line:
   tb_clockedround2_isim_beh.exe
     -simmode  gui
     -simrunnum  0
     -socket  58836

Sat Dec 26 08:45:37 2015


 Elaboration Time: 0.05 sec

 Current Memory Usage: 205.726 Meg

 Total Signals          : 184
 Total Nets             : 672
 Total Signal Drivers   : 52
 Total Blocks           : 25
 Total Primitive Blocks : 22
 Total Processes        : 49
 Total Traceable Variables  : 14
 Total Scalar Nets and Variables : 1156
Total Line Count : 178

 Total Simulation Time: 5 sec

 Current Memory Usage: 281.227 Meg

Sat Dec 26 08:50:59 2015

