Running: /opt/Xilinx/14.7/ISE_DS/ISE/bin/lin64/unwrapped/fuse -intstyle ise -incremental -o /home/superus/vhdl_system_design/workspace/idea_rcs1/idea_rcs1/idea_com_isim_beh.exe -prj /home/superus/vhdl_system_design/workspace/idea_rcs1/idea_rcs1/idea_com_beh.prj work.idea_com 
ISim P.20131013 (signature 0xfbc00daa)
Number of CPUs detected in this system: 2
Turning on mult-threading, number of parallel sub-compilation jobs: 4 
Determining compilation order of HDL files
Parsing VHDL file "/home/superus/vhdl_system_design/workspace/idea_rcs1/idea_rcs1/../../Exercise1/direct_implementation/xorop.vhd" into library work
Parsing VHDL file "/home/superus/vhdl_system_design/workspace/idea_rcs1/idea_rcs1/../../Exercise1/direct_implementation/mulop.vhd" into library work
Parsing VHDL file "/home/superus/vhdl_system_design/workspace/idea_rcs1/idea_rcs1/../../Exercise1/direct_implementation/addop.vhd" into library work
Parsing VHDL file "/home/superus/vhdl_system_design/workspace/idea_rcs1/idea_rcs1/txmit.vhd" into library work
Parsing VHDL file "/home/superus/vhdl_system_design/workspace/idea_rcs1/idea_rcs1/rxcver.vhd" into library work
Parsing VHDL file "/home/superus/vhdl_system_design/workspace/idea_rcs1/idea_rcs1/register.vhd" into library work
Parsing VHDL file "/home/superus/vhdl_system_design/workspace/idea_rcs1/idea_rcs1/multiplexer.vhd" into library work
Parsing VHDL file "/home/superus/vhdl_system_design/workspace/idea_rcs1/idea_rcs1/keygen.vhd" into library work
Parsing VHDL file "/home/superus/vhdl_system_design/workspace/idea_rcs1/idea_rcs1/control.vhd" into library work
Parsing VHDL file "/home/superus/vhdl_system_design/workspace/idea_rcs1/idea_rcs1/../../Exercise1/direct_implementation/trafo.vhd" into library work
Parsing VHDL file "/home/superus/vhdl_system_design/workspace/idea_rcs1/idea_rcs1/../../Exercise1/direct_implementation/round.vhd" into library work
Parsing VHDL file "/home/superus/vhdl_system_design/workspace/idea_rcs1/idea_rcs1/uart.vhd" into library work
Parsing VHDL file "/home/superus/vhdl_system_design/workspace/idea_rcs1/idea_rcs1/idea_single.vhd" into library work
Parsing VHDL file "/home/superus/vhdl_system_design/workspace/idea_rcs1/idea_rcs1/idea_com_inner.vhd" into library work
Parsing VHDL file "/home/superus/vhdl_system_design/workspace/idea_rcs1/idea_rcs1/clk_div.vhd" into library work
Parsing VHDL file "/home/superus/vhdl_system_design/workspace/idea_rcs1/idea_rcs1/idea_com.vhd" into library work
Starting static elaboration
Completed static elaboration
Fuse Memory Usage: 99404 KB
Fuse CPU Usage: 2960 ms
Compiling package standard
Compiling package std_logic_1164
Compiling package std_logic_arith
Compiling package std_logic_unsigned
Compiling architecture behavioral of entity clk_div [clk_div_default]
Compiling package attributes
Compiling package std_logic_misc
Compiling architecture behavior of entity txmit [txmit_default]
Compiling architecture behavior of entity rxcver [rxcver_default]
Compiling architecture behavior of entity uart [uart_default]
Compiling package numeric_std
Compiling architecture behavioral of entity register_16bit [register_16bit_default]
Compiling architecture behavioral of entity control [control_default]
Compiling architecture behavioral of entity mulop [mulop_default]
Compiling architecture behavioral of entity addop [addop_default]
Compiling architecture behavioral of entity trafo [trafo_default]
Compiling architecture behavioral of entity xorop [xorop_default]
Compiling architecture behavioral of entity round [round_default]
Compiling architecture behavioral of entity multiplexer [multiplexer_default]
Compiling architecture behavioral of entity keygen [keygen_default]
Compiling architecture behavioral of entity idea_single [idea_single_default]
Compiling architecture behavioral of entity idea_com_inner [idea_com_inner_default]
Compiling architecture behavioral of entity idea_com
Time Resolution for simulation is 1ps.
Waiting for 15 sub-compilation(s) to finish...
Compiled 38 VHDL Units
Built simulation executable /home/superus/vhdl_system_design/workspace/idea_rcs1/idea_rcs1/idea_com_isim_beh.exe
Fuse Memory Usage: 417536 KB
Fuse CPU Usage: 3390 ms
GCC CPU Usage: 3300 ms
