ISim log file
Running: /home/superus/vhdl_system_design/workspace/idea_rcs1/idea_rcs1/idea_com_isim_beh.exe -intstyle ise -gui -tclbatch isim.cmd -wdb /home/superus/vhdl_system_design/workspace/idea_rcs1/idea_rcs1/idea_com_isim_beh.wdb 
ISim P.20131013 (signature 0xfbc00daa)
WARNING: A WEBPACK license was found.
WARNING: Please use Xilinx License Configuration Manager to check out a full ISim license.
WARNING: ISim will run in Lite mode. Please refer to the ISim documentation for more information on the differences between the Lite and the Full version.
This is a Lite version of ISim.
Time resolution is 1 ps
# onerror resume
# wave add /
# run 1000 ns
Simulator is doing circuit initialization process.
at 0 ps, Instance /idea_com/idea_1/uut/trafo_1/mulop_1/ : Warning: NUMERIC_STD.">=": metavalue detected, returning FALSE
at 0 ps, Instance /idea_com/idea_1/uut/trafo_1/mulop_2/ : Warning: NUMERIC_STD.">=": metavalue detected, returning FALSE
at 0 ps, Instance /idea_com/idea_1/uut/round_module/mulop_1/ : Warning: NUMERIC_STD.">=": metavalue detected, returning FALSE
at 0 ps, Instance /idea_com/idea_1/uut/round_module/mulop_2/ : Warning: NUMERIC_STD.">=": metavalue detected, returning FALSE
at 0 ps, Instance /idea_com/idea_1/uut/round_module/mulop_3/ : Warning: NUMERIC_STD.">=": metavalue detected, returning FALSE
at 0 ps, Instance /idea_com/idea_1/uut/round_module/mulop_4/ : Warning: NUMERIC_STD.">=": metavalue detected, returning FALSE
Finished circuit initialization process.
at 0 ps, Instance /idea_com/idea_1/uut/round_module/mulop_4/ : Warning: NUMERIC_STD.">=": metavalue detected, returning FALSE
at 0 ps, Instance /idea_com/idea_1/uut/round_module/mulop_1/ : Warning: NUMERIC_STD.">=": metavalue detected, returning FALSE
at 0 ps, Instance /idea_com/idea_1/uut/round_module/mulop_2/ : Warning: NUMERIC_STD.">=": metavalue detected, returning FALSE
at 0 ps, Instance /idea_com/idea_1/uut/trafo_1/mulop_1/ : Warning: NUMERIC_STD.">=": metavalue detected, returning FALSE
at 0 ps, Instance /idea_com/idea_1/uut/trafo_1/mulop_2/ : Warning: NUMERIC_STD.">=": metavalue detected, returning FALSE
at 0 ps, Instance /idea_com/idea_1/uut/round_module/mulop_3/ : Warning: NUMERIC_STD.">=": metavalue detected, returning FALSE
at 0 ps, Instance /idea_com/idea_1/uut/round_module/mulop_3/ : Warning: NUMERIC_STD.">=": metavalue detected, returning FALSE
# exit 0
